0 verbose cli /usr/local/bin/node /usr/local/bin/npm
1 info using npm@8.15.0
2 info using node@v16.17.1
3 timing npm:load:whichnode Completed in 0ms
4 timing config:load:defaults Completed in 2ms
5 timing config:load:file:/usr/local/lib/node_modules/npm/npmrc Completed in 0ms
6 timing config:load:builtin Completed in 0ms
7 timing config:load:cli Completed in 1ms
8 timing config:load:env Completed in 0ms
9 timing config:load:file:/usr/src/app/.npmrc Completed in 2ms
10 timing config:load:project Completed in 9ms
11 timing config:load:file:/root/.npmrc Completed in 0ms
12 timing config:load:user Completed in 1ms
13 timing config:load:file:/usr/local/etc/npmrc Completed in 0ms
14 timing config:load:global Completed in 0ms
15 timing config:load:validate Completed in 0ms
16 timing config:load:credentials Completed in 1ms
17 timing config:load:setEnvs Completed in 1ms
18 timing config:load Completed in 16ms
19 timing npm:load:configload Completed in 16ms
20 timing npm:load:mkdirpcache Completed in 0ms
21 timing npm:load:mkdirplogs Completed in 1ms
22 verbose title npm install
23 verbose argv "install"
24 timing npm:load:setTitle Completed in 0ms
25 timing config:load:flatten Completed in 2ms
26 timing npm:load:display Completed in 2ms
27 verbose logfile logs-max:10 dir:/root/.npm/_logs
28 verbose logfile /root/.npm/_logs/2022-09-30T07_14_40_834Z-debug-0.log
29 timing npm:load:logFile Completed in 84ms
30 timing npm:load:timers Completed in 0ms
31 timing npm:load:configScope Completed in 0ms
32 timing npm:load Completed in 105ms
33 timing arborist:ctor Completed in 1ms
34 silly logfile done cleaning log files
35 verbose shrinkwrap failed to load node_modules/.package-lock.json out of date, updated: node_modules
36 timing idealTree:init Completed in 181ms
37 timing idealTree:userRequests Completed in 0ms
38 silly idealTree buildDeps
39 timing idealTree:#root Completed in 1ms
40 timing idealTree:buildDeps Completed in 3ms
41 timing idealTree:fixDepFlags Completed in 0ms
42 timing idealTree Completed in 191ms
43 timing reify:loadTrees Completed in 412ms
44 timing reify:diffTrees Completed in 8ms
45 silly reify moves {}
46 timing reify:retireShallow Completed in 1ms
47 timing reify:createSparse Completed in 4ms
48 timing reify:loadBundles Completed in 0ms
49 silly audit bulk request {
49 silly audit   '@ampproject/remapping': [ '2.2.0' ],
49 silly audit   '@babel/code-frame': [ '7.18.6' ],
49 silly audit   '@babel/compat-data': [ '7.19.3' ],
49 silly audit   '@babel/core': [ '7.19.3' ],
49 silly audit   json5: [ '2.2.1', '1.0.1' ],
49 silly audit   semver: [ '6.3.0', '5.7.1', '7.3.7' ],
49 silly audit   '@babel/generator': [ '7.19.3' ],
49 silly audit   '@jridgewell/gen-mapping': [ '0.3.2', '0.1.1' ],
49 silly audit   '@babel/helper-annotate-as-pure': [ '7.18.6' ],
49 silly audit   '@babel/helper-compilation-targets': [ '7.19.3' ],
49 silly audit   '@babel/helper-environment-visitor': [ '7.18.9' ],
49 silly audit   '@babel/helper-function-name': [ '7.19.0' ],
49 silly audit   '@babel/helper-hoist-variables': [ '7.18.6' ],
49 silly audit   '@babel/helper-module-imports': [ '7.18.6' ],
49 silly audit   '@babel/helper-module-transforms': [ '7.19.0' ],
49 silly audit   '@babel/helper-plugin-utils': [ '7.19.0' ],
49 silly audit   '@babel/helper-simple-access': [ '7.18.6' ],
49 silly audit   '@babel/helper-split-export-declaration': [ '7.18.6' ],
49 silly audit   '@babel/helper-string-parser': [ '7.18.10' ],
49 silly audit   '@babel/helper-validator-identifier': [ '7.19.1' ],
49 silly audit   '@babel/helper-validator-option': [ '7.18.6' ],
49 silly audit   '@babel/helpers': [ '7.19.0' ],
49 silly audit   '@babel/highlight': [ '7.18.6' ],
49 silly audit   'ansi-styles': [ '3.2.1', '4.3.0' ],
49 silly audit   chalk: [ '2.4.2', '4.1.2' ],
49 silly audit   'color-convert': [ '1.9.3', '2.0.1' ],
49 silly audit   'color-name': [ '1.1.3', '1.1.4' ],
49 silly audit   'escape-string-regexp': [ '1.0.5', '4.0.0' ],
49 silly audit   'has-flag': [ '3.0.0', '4.0.0' ],
49 silly audit   'supports-color': [ '5.5.0', '7.2.0' ],
49 silly audit   '@babel/parser': [ '7.19.3' ],
49 silly audit   '@babel/plugin-syntax-jsx': [ '7.18.6' ],
49 silly audit   '@babel/plugin-transform-react-display-name': [ '7.18.6' ],
49 silly audit   '@babel/plugin-transform-react-jsx': [ '7.19.0' ],
49 silly audit   '@babel/plugin-transform-react-jsx-development': [ '7.18.6' ],
49 silly audit   '@babel/plugin-transform-react-pure-annotations': [ '7.18.6' ],
49 silly audit   '@babel/preset-react': [ '7.18.6' ],
49 silly audit   '@babel/runtime': [ '7.19.0' ],
49 silly audit   '@babel/runtime-corejs3': [ '7.19.0' ],
49 silly audit   '@babel/template': [ '7.18.10' ],
49 silly audit   '@babel/traverse': [ '7.19.3' ],
49 silly audit   globals: [ '11.12.0', '13.17.0' ],
49 silly audit   '@babel/types': [ '7.19.3' ],
49 silly audit   '@eslint/eslintrc': [ '1.3.1' ],
49 silly audit   '@fortawesome/fontawesome-common-types': [ '6.2.0' ],
49 silly audit   '@fortawesome/fontawesome-svg-core': [ '6.2.0' ],
49 silly audit   '@fortawesome/free-solid-svg-icons': [ '6.2.0' ],
49 silly audit   '@fortawesome/react-fontawesome': [ '0.2.0' ],
49 silly audit   '@fullcalendar/common': [ '5.11.3' ],
49 silly audit   '@fullcalendar/core': [ '5.11.3' ],
49 silly audit   '@fullcalendar/daygrid': [ '5.11.3' ],
49 silly audit   '@fullcalendar/interaction': [ '5.11.3' ],
49 silly audit   '@fullcalendar/react': [ '5.11.2' ],
49 silly audit   '@fullcalendar/timegrid': [ '5.11.3' ],
49 silly audit   '@gar/promisify': [ '1.1.3' ],
49 silly audit   '@humanwhocodes/config-array': [ '0.10.4' ],
49 silly audit   '@humanwhocodes/gitignore-to-minimatch': [ '1.0.2' ],
49 silly audit   '@humanwhocodes/module-importer': [ '1.0.1' ],
49 silly audit   '@humanwhocodes/object-schema': [ '1.2.1' ],
49 silly audit   '@jridgewell/resolve-uri': [ '3.1.0' ],
49 silly audit   '@jridgewell/set-array': [ '1.1.2' ],
49 silly audit   '@jridgewell/sourcemap-codec': [ '1.4.14' ],
49 silly audit   '@jridgewell/trace-mapping': [ '0.3.15' ],
49 silly audit   '@next/env': [ '12.3.0' ],
49 silly audit   '@next/eslint-plugin-next': [ '12.3.0' ],
49 silly audit   '@next/swc-android-arm-eabi': [ '12.3.0' ],
49 silly audit   '@next/swc-android-arm64': [ '12.3.0' ],
49 silly audit   '@next/swc-darwin-arm64': [ '12.3.0' ],
49 silly audit   '@next/swc-darwin-x64': [ '12.3.0' ],
49 silly audit   '@next/swc-freebsd-x64': [ '12.3.0' ],
49 silly audit   '@next/swc-linux-arm-gnueabihf': [ '12.3.0' ],
49 silly audit   '@next/swc-linux-arm64-gnu': [ '12.3.0' ],
49 silly audit   '@next/swc-linux-arm64-musl': [ '12.3.0' ],
49 silly audit   '@next/swc-linux-x64-gnu': [ '12.3.0' ],
49 silly audit   '@next/swc-linux-x64-musl': [ '12.3.0' ],
49 silly audit   '@next/swc-win32-arm64-msvc': [ '12.3.0' ],
49 silly audit   '@next/swc-win32-ia32-msvc': [ '12.3.0' ],
49 silly audit   '@next/swc-win32-x64-msvc': [ '12.3.0' ],
49 silly audit   '@nodelib/fs.scandir': [ '2.1.5' ],
49 silly audit   '@nodelib/fs.stat': [ '2.0.5' ],
49 silly audit   '@nodelib/fs.walk': [ '1.2.8' ],
49 silly audit   '@npmcli/fs': [ '1.1.1' ],
49 silly audit   '@npmcli/move-file': [ '1.1.2' ],
49 silly audit   '@rushstack/eslint-patch': [ '1.1.4' ],
49 silly audit   '@swc/helpers': [ '0.4.11' ],
49 silly audit   '@tootallnate/once': [ '1.1.2' ],
49 silly audit   '@types/json5': [ '0.0.29' ],
49 silly audit   '@types/minimist': [ '1.2.2' ],
49 silly audit   '@types/normalize-package-data': [ '2.4.1' ],
49 silly audit   '@typescript-eslint/parser': [ '5.36.2' ],
49 silly audit   '@typescript-eslint/scope-manager': [ '5.36.2' ],
49 silly audit   '@typescript-eslint/types': [ '5.36.2' ],
49 silly audit   '@typescript-eslint/typescript-estree': [ '5.36.2' ],
49 silly audit   '@typescript-eslint/visitor-keys': [ '5.36.2' ],
49 silly audit   abbrev: [ '1.1.1' ],
49 silly audit   acorn: [ '8.8.0' ],
49 silly audit   'acorn-jsx': [ '5.3.2' ],
49 silly audit   'agent-base': [ '6.0.2' ],
49 silly audit   agentkeepalive: [ '4.2.1' ],
49 silly audit   'aggregate-error': [ '3.1.0' ],
49 silly audit   ajv: [ '6.12.6' ],
49 silly audit   'ansi-regex': [ '5.0.1' ],
49 silly audit   anymatch: [ '3.1.2' ],
49 silly audit   aproba: [ '2.0.0' ],
49 silly audit   'are-we-there-yet': [ '2.0.0', '3.0.1' ],
49 silly audit   argparse: [ '2.0.1' ],
49 silly audit   'aria-query': [ '4.2.2' ],
49 silly audit   'array-includes': [ '3.1.5' ],
49 silly audit   'array-union': [ '2.1.0' ],
49 silly audit   'array.prototype.flat': [ '1.3.0' ],
49 silly audit   'array.prototype.flatmap': [ '1.3.0' ],
49 silly audit   arrify: [ '1.0.1' ],
49 silly audit   asn1: [ '0.2.6' ],
49 silly audit   'assert-plus': [ '1.0.0' ],
49 silly audit   'ast-types-flow': [ '0.0.7' ],
49 silly audit   'async-foreach': [ '0.1.3' ],
49 silly audit   asynckit: [ '0.4.0' ],
49 silly audit   'aws-sign2': [ '0.7.0' ],
49 silly audit   aws4: [ '1.11.0' ],
49 silly audit   'axe-core': [ '4.4.3' ],
49 silly audit   'axobject-query': [ '2.2.0' ],
49 silly audit   'babel-plugin-transform-require-ignore': [ '0.1.1' ],
49 silly audit   'balanced-match': [ '1.0.2' ],
49 silly audit   'bcrypt-pbkdf': [ '1.0.2' ],
49 silly audit   'binary-extensions': [ '2.2.0' ],
49 silly audit   'brace-expansion': [ '1.1.11' ],
49 silly audit   braces: [ '3.0.2' ],
49 silly audit   browserslist: [ '4.21.4' ],
49 silly audit   cacache: [ '15.3.0' ],
49 silly audit   'call-bind': [ '1.0.2' ],
49 silly audit   callsites: [ '3.1.0' ],
49 silly audit   camelcase: [ '5.3.1' ],
49 silly audit   'camelcase-keys': [ '6.2.2' ],
49 silly audit   'caniuse-lite': [ '1.0.30001414' ],
49 silly audit   caseless: [ '0.12.0' ],
49 silly audit   chokidar: [ '3.5.3' ],
49 silly audit   'glob-parent': [ '5.1.2', '6.0.2' ],
49 silly audit   chownr: [ '2.0.0' ],
49 silly audit   'clean-stack': [ '2.2.0' ],
49 silly audit   cliui: [ '7.0.4' ],
49 silly audit   'color-support': [ '1.1.3' ],
49 silly audit   'combined-stream': [ '1.0.8' ],
49 silly audit   'concat-map': [ '0.0.1' ],
49 silly audit   'console-control-strings': [ '1.1.0' ],
49 silly audit   'convert-source-map': [ '1.8.0' ],
49 silly audit   'safe-buffer': [ '5.1.2', '5.2.1' ],
49 silly audit   'core-js-pure': [ '3.25.1' ],
49 silly audit   'core-util-is': [ '1.0.2' ],
49 silly audit   'cross-spawn': [ '7.0.3' ],
49 silly audit   'damerau-levenshtein': [ '1.0.8' ],
49 silly audit   dashdash: [ '1.14.1' ],
49 silly audit   debug: [ '4.3.4', '3.2.7', '2.6.9' ],
49 silly audit   decamelize: [ '1.2.0' ],
49 silly audit   'decamelize-keys': [ '1.1.0' ],
49 silly audit   'map-obj': [ '1.0.1', '4.3.0' ],
49 silly audit   'deep-is': [ '0.1.4' ],
49 silly audit   'define-properties': [ '1.1.4' ],
49 silly audit   'delayed-stream': [ '1.0.0' ],
49 silly audit   delegates: [ '1.0.0' ],
49 silly audit   depd: [ '1.1.2' ],
49 silly audit   'dir-glob': [ '3.0.1' ],
49 silly audit   doctrine: [ '3.0.0', '2.1.0' ],
49 silly audit   'ecc-jsbn': [ '0.1.2' ],
49 silly audit   'electron-to-chromium': [ '1.4.269' ],
49 silly audit   'emoji-regex': [ '9.2.2', '8.0.0' ],
49 silly audit   encoding: [ '0.1.13' ],
49 silly audit   'enhanced-resolve': [ '5.10.0' ],
49 silly audit   'env-paths': [ '2.2.1' ],
49 silly audit   'err-code': [ '2.0.3' ],
49 silly audit   'error-ex': [ '1.3.2' ],
49 silly audit   'es-abstract': [ '1.20.2' ],
49 silly audit   'es-shim-unscopables': [ '1.0.0' ],
49 silly audit   'es-to-primitive': [ '1.2.1' ],
49 silly audit   escalade: [ '3.1.1' ],
49 silly audit   eslint: [ '8.23.0' ],
49 silly audit   'eslint-config-next': [ '12.3.0' ],
49 silly audit   'eslint-import-resolver-node': [ '0.3.6' ],
49 silly audit   'eslint-import-resolver-typescript': [ '2.7.1' ],
49 silly audit   glob: [ '7.2.3', '7.1.7' ],
49 silly audit   'eslint-module-utils': [ '2.7.4' ],
49 silly audit   'eslint-plugin-import': [ '2.26.0' ],
49 silly audit   ms: [ '2.0.0', '2.1.2' ],
49 silly audit   'eslint-plugin-jsx-a11y': [ '6.6.1' ],
49 silly audit   'eslint-plugin-react': [ '7.31.8' ],
49 silly audit   'eslint-plugin-react-hooks': [ '4.6.0' ],
49 silly audit   resolve: [ '2.0.0-next.4', '1.22.1' ],
49 silly audit   'eslint-scope': [ '7.1.1' ],
49 silly audit   'eslint-utils': [ '3.0.0' ],
49 silly audit   'eslint-visitor-keys': [ '2.1.0', '3.3.0' ],
49 silly audit   espree: [ '9.4.0' ],
49 silly audit   esquery: [ '1.4.0' ],
49 silly audit   esrecurse: [ '4.3.0' ],
49 silly audit   estraverse: [ '5.3.0' ],
49 silly audit   esutils: [ '2.0.3' ],
49 silly audit   extend: [ '3.0.2' ],
49 silly audit   extsprintf: [ '1.3.0' ],
49 silly audit   'fast-deep-equal': [ '3.1.3' ],
49 silly audit   'fast-glob': [ '3.2.12' ],
49 silly audit   'fast-json-stable-stringify': [ '2.1.0' ],
49 silly audit   'fast-levenshtein': [ '2.0.6' ],
49 silly audit   fastq: [ '1.13.0' ],
49 silly audit   'file-entry-cache': [ '6.0.1' ],
49 silly audit   'fill-range': [ '7.0.1' ],
49 silly audit   'find-up': [ '5.0.0', '4.1.0' ],
49 silly audit   'flat-cache': [ '3.0.4' ],
49 silly audit   flatted: [ '3.2.7' ],
49 silly audit   'forever-agent': [ '0.6.1' ],
49 silly audit   'form-data': [ '2.3.3' ],
49 silly audit   'fs-minipass': [ '2.1.0' ],
49 silly audit   'fs.realpath': [ '1.0.0' ],
49 silly audit   fsevents: [ '2.3.2' ],
49 silly audit   'function-bind': [ '1.1.1' ],
49 silly audit   'function.prototype.name': [ '1.1.5' ],
49 silly audit   'functional-red-black-tree': [ '1.0.1' ],
49 silly audit   'functions-have-names': [ '1.2.3' ],
49 silly audit   gauge: [ '3.0.2', '4.0.4' ],
49 silly audit   gaze: [ '1.1.3' ],
49 silly audit   gensync: [ '1.0.0-beta.2' ],
49 silly audit   'get-caller-file': [ '2.0.5' ],
49 silly audit   'get-intrinsic': [ '1.1.2' ],
49 silly audit   'get-stdin': [ '4.0.1' ],
49 silly audit   'get-symbol-description': [ '1.0.0' ],
49 silly audit   getpass: [ '0.1.7' ],
49 silly audit   globby: [ '11.1.0' ],
49 silly audit   globule: [ '1.3.4' ],
49 silly audit   minimatch: [ '3.0.8', '3.1.2' ],
49 silly audit   'graceful-fs': [ '4.2.10' ],
49 silly audit   'grapheme-splitter': [ '1.0.4' ],
49 silly audit   'har-schema': [ '2.0.0' ],
49 silly audit   'har-validator': [ '5.1.5' ],
49 silly audit   'hard-rejection': [ '2.1.0' ],
49 silly audit   has: [ '1.0.3' ],
49 silly audit   'has-bigints': [ '1.0.2' ],
49 silly audit   'has-property-descriptors': [ '1.0.0' ],
49 silly audit   'has-symbols': [ '1.0.3' ],
49 silly audit   'has-tostringtag': [ '1.0.0' ],
49 silly audit   'has-unicode': [ '2.0.1' ],
49 silly audit   'hosted-git-info': [ '4.1.0', '2.8.9' ],
49 silly audit   'http-cache-semantics': [ '4.1.0' ],
49 silly audit   'http-proxy-agent': [ '4.0.1' ],
49 silly audit   'http-signature': [ '1.2.0' ],
49 silly audit   'https-proxy-agent': [ '5.0.1' ],
49 silly audit   'humanize-ms': [ '1.2.1' ],
49 silly audit   'iconv-lite': [ '0.6.3' ],
49 silly audit   ignore: [ '5.2.0' ],
49 silly audit   immutable: [ '4.1.0' ],
49 silly audit   'import-fresh': [ '3.3.0' ],
49 silly audit   imurmurhash: [ '0.1.4' ],
49 silly audit   'indent-string': [ '4.0.0' ],
49 silly audit   'infer-owner': [ '1.0.4' ],
49 silly audit   inflight: [ '1.0.6' ],
49 silly audit   inherits: [ '2.0.4' ],
49 silly audit   'internal-slot': [ '1.0.3' ],
49 silly audit   ip: [ '2.0.0' ],
49 silly audit   'is-arrayish': [ '0.2.1' ],
49 silly audit   'is-bigint': [ '1.0.4' ],
49 silly audit   'is-binary-path': [ '2.1.0' ],
49 silly audit   'is-boolean-object': [ '1.1.2' ],
49 silly audit   'is-callable': [ '1.2.4' ],
49 silly audit   'is-core-module': [ '2.10.0' ],
49 silly audit   'is-date-object': [ '1.0.5' ],
49 silly audit   'is-extglob': [ '2.1.1' ],
49 silly audit   'is-fullwidth-code-point': [ '3.0.0' ],
49 silly audit   'is-glob': [ '4.0.3' ],
49 silly audit   'is-lambda': [ '1.0.1' ],
49 silly audit   'is-negative-zero': [ '2.0.2' ],
49 silly audit   'is-number': [ '7.0.0' ],
49 silly audit   'is-number-object': [ '1.0.7' ],
49 silly audit   'is-plain-obj': [ '1.1.0' ],
49 silly audit   'is-regex': [ '1.1.4' ],
49 silly audit   'is-shared-array-buffer': [ '1.0.2' ],
49 silly audit   'is-string': [ '1.0.7' ],
49 silly audit   'is-symbol': [ '1.0.4' ],
49 silly audit   'is-typedarray': [ '1.0.0' ],
49 silly audit   'is-weakref': [ '1.0.2' ],
49 silly audit   isarray: [ '1.0.0' ],
49 silly audit   isexe: [ '2.0.0' ],
49 silly audit   isstream: [ '0.1.2' ],
49 silly audit   'js-base64': [ '2.6.4' ],
49 silly audit   'js-tokens': [ '4.0.0' ],
49 silly audit   'js-yaml': [ '4.1.0' ],
49 silly audit   jsbn: [ '0.1.1' ],
49 silly audit   jsesc: [ '2.5.2' ],
49 silly audit   'json-parse-even-better-errors': [ '2.3.1' ],
49 silly audit   'json-schema': [ '0.4.0' ],
49 silly audit   'json-schema-traverse': [ '0.4.1' ],
49 silly audit   'json-stable-stringify-without-jsonify': [ '1.0.1' ],
49 silly audit   'json-stringify-safe': [ '5.0.1' ],
49 silly audit   jsprim: [ '1.4.2' ],
49 silly audit   'jsx-ast-utils': [ '3.3.3' ],
49 silly audit   'kind-of': [ '6.0.3' ],
49 silly audit   'language-subtag-registry': [ '0.3.22' ],
49 silly audit   'language-tags': [ '1.0.5' ],
49 silly audit   levn: [ '0.4.1' ],
49 silly audit   'lines-and-columns': [ '1.2.4' ],
49 silly audit   'locate-path': [ '6.0.0', '5.0.0' ],
49 silly audit   lodash: [ '4.17.21' ],
49 silly audit   'lodash.merge': [ '4.6.2' ],
49 silly audit   'loose-envify': [ '1.4.0' ],
49 silly audit   'lru-cache': [ '6.0.0' ],
49 silly audit   'make-fetch-happen': [ '9.1.0' ],
49 silly audit   meow: [ '9.0.0' ],
49 silly audit   'type-fest': [ '0.18.1', '0.8.1', '0.6.0', '0.20.2' ],
49 silly audit   merge2: [ '1.4.1' ],
49 silly audit   micromatch: [ '4.0.5' ],
49 silly audit   'mime-db': [ '1.52.0' ],
49 silly audit   'mime-types': [ '2.1.35' ],
49 silly audit   'min-indent': [ '1.0.1' ],
49 silly audit   minimist: [ '1.2.6' ],
49 silly audit   'minimist-options': [ '4.1.0' ],
49 silly audit   minipass: [ '3.3.4' ],
49 silly audit   'minipass-collect': [ '1.0.2' ],
49 silly audit   'minipass-fetch': [ '1.4.1' ],
49 silly audit   'minipass-flush': [ '1.0.5' ],
49 silly audit   'minipass-pipeline': [ '1.2.4' ],
49 silly audit   'minipass-sized': [ '1.0.3' ],
49 silly audit   minizlib: [ '2.1.2' ],
49 silly audit   mkdirp: [ '1.0.4' ],
49 silly audit   nan: [ '2.16.0' ],
49 silly audit   nanoid: [ '3.3.4' ],
49 silly audit   'natural-compare': [ '1.4.0' ],
49 silly audit   negotiator: [ '0.6.3' ],
49 silly audit   next: [ '12.3.0' ],
49 silly audit   'next-transpile-modules': [ '9.0.0' ],
49 silly audit   'node-gyp': [ '8.4.1' ],
49 silly audit   npmlog: [ '6.0.2', '5.0.1' ],
49 silly audit   'node-releases': [ '2.0.6' ],
49 silly audit   'node-sass': [ '7.0.3' ],
49 silly audit   nopt: [ '5.0.0' ],
49 silly audit   'normalize-package-data': [ '3.0.3', '2.5.0' ],
49 silly audit   'normalize-path': [ '3.0.0' ],
49 silly audit   'oauth-sign': [ '0.9.0' ],
49 silly audit   'object-assign': [ '4.1.1' ],
49 silly audit   'object-inspect': [ '1.12.2' ],
49 silly audit   'object-keys': [ '1.1.1' ],
49 silly audit   'object.assign': [ '4.1.4' ],
49 silly audit   'object.entries': [ '1.1.5' ],
49 silly audit   'object.fromentries': [ '2.0.5' ],
49 silly audit   'object.hasown': [ '1.1.1' ],
49 silly audit   'object.values': [ '1.1.5' ],
49 silly audit   once: [ '1.4.0' ],
49 silly audit   optionator: [ '0.9.1' ],
49 silly audit   'p-limit': [ '3.1.0', '2.3.0' ],
49 silly audit   'p-locate': [ '5.0.0', '4.1.0' ],
49 silly audit   'p-map': [ '4.0.0' ],
49 silly audit   'parent-module': [ '1.0.1' ],
49 silly audit   'path-exists': [ '4.0.0' ],
49 silly audit   'path-is-absolute': [ '1.0.1' ],
49 silly audit   'path-key': [ '3.1.1' ],
49 silly audit   'path-parse': [ '1.0.7' ],
49 silly audit   'path-type': [ '4.0.0' ],
49 silly audit   'performance-now': [ '2.1.0' ],
49 silly audit   picocolors: [ '1.0.0' ],
49 silly audit   picomatch: [ '2.3.1' ],
49 silly audit   postcss: [ '8.4.14' ],
49 silly audit   preact: [ '10.11.0' ],
49 silly audit   'prelude-ls': [ '1.2.1' ],
49 silly audit   'process-nextick-args': [ '2.0.1' ],
49 silly audit   'promise-inflight': [ '1.0.1' ],
49 silly audit   'promise-retry': [ '2.0.1' ],
49 silly audit   'prop-types': [ '15.8.1' ],
49 silly audit   psl: [ '1.9.0' ],
49 silly audit   punycode: [ '2.1.1' ],
49 silly audit   qs: [ '6.5.3' ],
49 silly audit   'queue-microtask': [ '1.2.3' ],
49 silly audit   'quick-lru': [ '4.0.1' ],
49 silly audit   react: [ '18.2.0' ],
49 silly audit   'react-dom': [ '18.2.0' ],
49 silly audit   'react-is': [ '16.13.1' ],
49 silly audit   'read-pkg': [ '5.2.0' ],
49 silly audit   'read-pkg-up': [ '7.0.1' ],
49 silly audit   'p-try': [ '2.2.0' ],
49 silly audit   'parse-json': [ '5.2.0' ],
49 silly audit   'readable-stream': [ '3.6.0', '2.3.7' ],
49 silly audit   readdirp: [ '3.6.0' ],
49 silly audit   redent: [ '3.0.0' ],
49 silly audit   'regenerator-runtime': [ '0.13.9' ],
49 silly audit   'regexp.prototype.flags': [ '1.4.3' ],
49 silly audit   regexpp: [ '3.2.0' ],
49 silly audit   request: [ '2.88.2' ],
49 silly audit   'require-directory': [ '2.1.1' ],
49 silly audit   'resolve-from': [ '4.0.0' ],
49 silly audit   retry: [ '0.12.0' ],
49 silly audit   reusify: [ '1.0.4' ],
49 silly audit   rimraf: [ '3.0.2' ],
49 silly audit   'run-parallel': [ '1.2.0' ],
49 silly audit   'safer-buffer': [ '2.1.2' ],
49 silly audit   sass: [ '1.54.9' ],
49 silly audit   'sass-graph': [ '4.0.1' ],
49 silly audit   scheduler: [ '0.23.0' ],
49 silly audit   'scss-tokenizer': [ '0.4.3' ],
49 silly audit   'set-blocking': [ '2.0.0' ],
49 silly audit   'shebang-command': [ '2.0.0' ],
49 silly audit   'shebang-regex': [ '3.0.0' ],
49 silly audit   'side-channel': [ '1.0.4' ],
49 silly audit   'signal-exit': [ '3.0.7' ],
49 silly audit   slash: [ '3.0.0' ],
49 silly audit   'smart-buffer': [ '4.2.0' ],
49 silly audit   socks: [ '2.7.0' ],
49 silly audit   'socks-proxy-agent': [ '6.2.1' ],
49 silly audit   'source-map': [ '0.7.4' ],
49 silly audit   'source-map-js': [ '1.0.2' ],
49 silly audit   'spdx-correct': [ '3.1.1' ],
49 silly audit   'spdx-exceptions': [ '2.3.0' ],
49 silly audit   'spdx-expression-parse': [ '3.0.1' ],
49 silly audit   'spdx-license-ids': [ '3.0.12' ],
49 silly audit   sshpk: [ '1.17.0' ],
49 silly audit   ssri: [ '8.0.1' ],
49 silly audit   'stdout-stream': [ '1.4.1' ],
49 silly audit   string_decoder: [ '1.1.1', '1.3.0' ],
49 silly audit   'string-width': [ '4.2.3' ],
49 silly audit   'string.prototype.matchall': [ '4.0.7' ],
49 silly audit   'string.prototype.trimend': [ '1.0.5' ],
49 silly audit   'string.prototype.trimstart': [ '1.0.5' ],
49 silly audit   'strip-ansi': [ '6.0.1' ],
49 silly audit   'strip-bom': [ '3.0.0' ],
49 silly audit   'strip-indent': [ '3.0.0' ],
49 silly audit   'strip-json-comments': [ '3.1.1' ],
49 silly audit   'styled-jsx': [ '5.0.6' ],
49 silly audit   'supports-preserve-symlinks-flag': [ '1.0.0' ],
49 silly audit   tapable: [ '2.2.1' ],
49 silly audit   tar: [ '6.1.11' ],
49 silly audit   'text-table': [ '0.2.0' ],
49 silly audit   'to-fast-properties': [ '2.0.0' ],
49 silly audit   'to-regex-range': [ '5.0.1' ],
49 silly audit   'tough-cookie': [ '2.5.0' ],
49 silly audit   'trim-newlines': [ '3.0.1' ],
49 silly audit   'true-case-path': [ '1.0.3' ],
49 silly audit   'tsconfig-paths': [ '3.14.1' ],
49 silly audit   tslib: [ '2.4.0', '1.14.1' ],
49 silly audit   tsutils: [ '3.21.0' ],
49 silly audit   'tunnel-agent': [ '0.6.0' ],
49 silly audit   tweetnacl: [ '0.14.5' ],
49 silly audit   'type-check': [ '0.4.0' ],
49 silly audit   typescript: [ '4.8.3' ],
49 silly audit   'unbox-primitive': [ '1.0.2' ],
49 silly audit   'unique-filename': [ '1.1.1' ],
49 silly audit   'unique-slug': [ '2.0.2' ],
49 silly audit   'update-browserslist-db': [ '1.0.9' ],
49 silly audit   'uri-js': [ '4.4.1' ],
49 silly audit   'use-sync-external-store': [ '1.2.0' ],
49 silly audit   'util-deprecate': [ '1.0.2' ],
49 silly audit   uuid: [ '3.4.0' ],
49 silly audit   'validate-npm-package-license': [ '3.0.4' ],
49 silly audit   verror: [ '1.10.0' ],
49 silly audit   which: [ '2.0.2' ],
49 silly audit   'which-boxed-primitive': [ '1.0.2' ],
49 silly audit   'wide-align': [ '1.1.5' ],
49 silly audit   'word-wrap': [ '1.2.3' ],
49 silly audit   'wrap-ansi': [ '7.0.0' ],
49 silly audit   wrappy: [ '1.0.2' ],
49 silly audit   y18n: [ '5.0.8' ],
49 silly audit   yallist: [ '4.0.0' ],
49 silly audit   yargs: [ '17.5.1' ],
49 silly audit   'yargs-parser': [ '20.2.9', '21.1.1' ],
49 silly audit   'yocto-queue': [ '0.1.0' ]
49 silly audit }
50 verbose reify failed optional dependency /usr/src/app/node_modules/fsevents
51 silly reify mark deleted [ '/usr/src/app/node_modules/fsevents' ]
52 verbose reify failed optional dependency /usr/src/app/node_modules/@next/swc-win32-x64-msvc
53 silly reify mark deleted [ '/usr/src/app/node_modules/@next/swc-win32-x64-msvc' ]
54 verbose reify failed optional dependency /usr/src/app/node_modules/@next/swc-win32-ia32-msvc
55 silly reify mark deleted [ '/usr/src/app/node_modules/@next/swc-win32-ia32-msvc' ]
56 verbose reify failed optional dependency /usr/src/app/node_modules/@next/swc-win32-arm64-msvc
57 silly reify mark deleted [ '/usr/src/app/node_modules/@next/swc-win32-arm64-msvc' ]
58 verbose reify failed optional dependency /usr/src/app/node_modules/@next/swc-linux-arm64-musl
59 silly reify mark deleted [ '/usr/src/app/node_modules/@next/swc-linux-arm64-musl' ]
60 verbose reify failed optional dependency /usr/src/app/node_modules/@next/swc-linux-arm64-gnu
61 silly reify mark deleted [ '/usr/src/app/node_modules/@next/swc-linux-arm64-gnu' ]
62 verbose reify failed optional dependency /usr/src/app/node_modules/@next/swc-linux-arm-gnueabihf
63 silly reify mark deleted [ '/usr/src/app/node_modules/@next/swc-linux-arm-gnueabihf' ]
64 verbose reify failed optional dependency /usr/src/app/node_modules/@next/swc-freebsd-x64
65 silly reify mark deleted [ '/usr/src/app/node_modules/@next/swc-freebsd-x64' ]
66 verbose reify failed optional dependency /usr/src/app/node_modules/@next/swc-darwin-x64
67 silly reify mark deleted [ '/usr/src/app/node_modules/@next/swc-darwin-x64' ]
68 verbose reify failed optional dependency /usr/src/app/node_modules/@next/swc-darwin-arm64
69 silly reify mark deleted [ '/usr/src/app/node_modules/@next/swc-darwin-arm64' ]
70 verbose reify failed optional dependency /usr/src/app/node_modules/@next/swc-android-arm64
71 silly reify mark deleted [ '/usr/src/app/node_modules/@next/swc-android-arm64' ]
72 verbose reify failed optional dependency /usr/src/app/node_modules/@next/swc-android-arm-eabi
73 silly reify mark deleted [ '/usr/src/app/node_modules/@next/swc-android-arm-eabi' ]
74 timing reifyNode:node_modules/fsevents Completed in 21ms
75 timing reifyNode:node_modules/@next/swc-win32-x64-msvc Completed in 21ms
76 timing reifyNode:node_modules/@next/swc-win32-ia32-msvc Completed in 21ms
77 timing reifyNode:node_modules/@next/swc-win32-arm64-msvc Completed in 22ms
78 timing reifyNode:node_modules/@next/swc-linux-arm64-musl Completed in 22ms
79 timing reifyNode:node_modules/@next/swc-linux-arm64-gnu Completed in 22ms
80 timing reifyNode:node_modules/@next/swc-linux-arm-gnueabihf Completed in 23ms
81 timing reifyNode:node_modules/@next/swc-freebsd-x64 Completed in 23ms
82 timing reifyNode:node_modules/@next/swc-darwin-x64 Completed in 23ms
83 timing reifyNode:node_modules/@next/swc-darwin-arm64 Completed in 24ms
84 timing reifyNode:node_modules/@next/swc-android-arm64 Completed in 24ms
85 timing reifyNode:node_modules/@next/swc-android-arm-eabi Completed in 24ms
86 timing reify:unpack Completed in 24ms
87 timing reify:unretire Completed in 0ms
88 timing build:queue Completed in 1ms
89 timing build:deps Completed in 2ms
90 timing build Completed in 2ms
91 timing reify:build Completed in 3ms
92 timing reify:trash Completed in 2ms
93 timing reify:save Completed in 52ms
94 http fetch POST 200 https://registry.npmjs.org/-/npm/v1/security/advisories/bulk 711ms
95 timing auditReport:getReport Completed in 717ms
96 silly audit report {}
97 timing auditReport:init Completed in 0ms
98 timing reify:audit Completed in 719ms
99 timing reify Completed in 1150ms
100 silly ADD
101 silly ADD
102 silly ADD
103 silly ADD
104 silly ADD
105 silly ADD
106 silly ADD
107 silly ADD
108 silly ADD
109 silly ADD
110 silly ADD
111 silly ADD
112 timing command:install Completed in 1184ms
113 verbose exit 0
114 timing npm Completed in 1323ms
115 info ok
