0 verbose cli /usr/local/bin/node /usr/local/bin/npm
1 info using npm@8.15.0
2 info using node@v16.17.1
3 timing npm:load:whichnode Completed in 0ms
4 timing config:load:defaults Completed in 1ms
5 timing config:load:file:/usr/local/lib/node_modules/npm/npmrc Completed in 0ms
6 timing config:load:builtin Completed in 1ms
7 timing config:load:cli Completed in 0ms
8 timing config:load:env Completed in 1ms
9 timing config:load:file:/usr/src/app/.npmrc Completed in 4ms
10 timing config:load:project Completed in 9ms
11 timing config:load:file:/root/.npmrc Completed in 0ms
12 timing config:load:user Completed in 0ms
13 timing config:load:file:/usr/local/etc/npmrc Completed in 1ms
14 timing config:load:global Completed in 1ms
15 timing config:load:validate Completed in 0ms
16 timing config:load:credentials Completed in 0ms
17 timing config:load:setEnvs Completed in 1ms
18 timing config:load Completed in 14ms
19 timing npm:load:configload Completed in 14ms
20 timing npm:load:mkdirpcache Completed in 0ms
21 timing npm:load:mkdirplogs Completed in 2ms
22 verbose title npm run dev
23 verbose argv "run" "dev"
24 timing npm:load:setTitle Completed in 1ms
25 timing config:load:flatten Completed in 2ms
26 timing npm:load:display Completed in 2ms
27 verbose logfile logs-max:10 dir:/root/.npm/_logs
28 verbose logfile /root/.npm/_logs/2022-09-30T07_14_42_313Z-debug-0.log
29 timing npm:load:logFile Completed in 21ms
30 timing npm:load:timers Completed in 0ms
31 timing npm:load:configScope Completed in 0ms
32 timing npm:load Completed in 42ms
33 silly logfile done cleaning log files
34 timing command:run Completed in 292947ms
35 verbose stack Error: command failed
35 verbose stack     at ChildProcess.<anonymous> (/usr/local/lib/node_modules/npm/node_modules/@npmcli/promise-spawn/lib/index.js:63:27)
35 verbose stack     at ChildProcess.emit (node:events:513:28)
35 verbose stack     at maybeClose (node:internal/child_process:1093:16)
35 verbose stack     at Process.ChildProcess._handle.onexit (node:internal/child_process:302:5)
36 verbose pkgid calamari-app@0.1.0
37 verbose cwd /usr/src/app
38 verbose Linux 5.10.104-linuxkit
39 verbose node v16.17.1
40 verbose npm  v8.15.0
41 error path /usr/src/app
42 error command failed
43 error signal SIGTERM
44 error command sh /tmp/dev-ba9594cb.sh
45 verbose exit 1
46 timing npm Completed in 293006ms
47 verbose code 1
48 error A complete log of this run can be found in:
48 error     /root/.npm/_logs/2022-09-30T07_14_42_313Z-debug-0.log
